<?xml version="1.0" encoding="UTF-8"?>
<!-- Generated by org.testng.reporters.JUnitReportReporter -->
<testsuite skipped="1" hostname="TL0017" name="NewTest" tests="7" failures="0" timestamp="2022-04-07T15:50:25 IST" time="0.059" errors="0">
  <testcase name="editLead" time="0.017" classname="NewTest"/>
  <system-out/>
  <testcase name="editLead" time="0.005" classname="NewTest"/>
  <system-out/>
  <testcase name="editLead" time="0.017" classname="NewTest"/>
  <system-out/>
  <testcase name="editLead" time="0.002" classname="NewTest"/>
  <system-out/>
  <testcase name="editLead" time="0.017" classname="NewTest"/>
  <system-out/>
  <testcase name="runCreateLead" time="0.001" classname="NewTest"/>
  <system-out/>
  <testcase name="deleteLead" classname="NewTest">
    <skipped/>
  </testcase> <!-- deleteLead -->
  <system-out/>
</testsuite> <!-- NewTest -->
