<?xml version="1.0" encoding="UTF-8"?>
<!-- Generated by org.testng.reporters.JUnitReportReporter -->
<testsuite skipped="0" hostname="TL0017" name="testcase.CreateLead" tests="2" failures="0" timestamp="2022-04-08T10:34:30 IST" time="44.031" errors="0">
  <testcase name="runCreateLead" time="26.650" classname="testcase.CreateLead"/>
  <system-out/>
  <testcase name="runCreateLead" time="17.381" classname="testcase.CreateLead"/>
  <system-out/>
</testsuite> <!-- testcase.CreateLead -->
