<?xml version="1.0" encoding="UTF-8"?>
<!-- Generated by org.testng.reporters.JUnitReportReporter -->
<testsuite skipped="0" hostname="TL0017" name="testcase.DeleteLead" tests="1" failures="0" timestamp="2022-04-07T15:40:26 IST" time="18.031" errors="0">
  <testcase name="runDeleteLead" time="18.031" classname="testcase.DeleteLead"/>
  <system-out/>
</testsuite> <!-- testcase.DeleteLead -->
