<?xml version="1.0" encoding="UTF-8"?>
<!-- Generated by org.testng.reporters.JUnitReportReporter -->
<testsuite skipped="0" hostname="TL0017" name="testcase.DuplicateLead" tests="1" failures="0" timestamp="2022-04-07T15:40:26 IST" time="16.837" errors="0">
  <testcase name="runDuplLead" time="16.837" classname="testcase.DuplicateLead"/>
  <system-out/>
</testsuite> <!-- testcase.DuplicateLead -->
